<?xml version="1.0" encoding="UTF-8"?>
<testng-results skipped="0" failed="0" ignored="0" total="1" passed="1">
  <reporter-output>
  </reporter-output>
  <suite name="SampleTest1" duration-ms="6812" started-at="2021-09-29T10:01:04 IST" finished-at="2021-09-29T10:01:11 IST">
    <groups>
    </groups>
    <test name="FampleTest2" duration-ms="6812" started-at="2021-09-29T10:01:04 IST" finished-at="2021-09-29T10:01:11 IST">
      <class name="mavenseleniumproject.facebook">
        <test-method status="PASS" signature="mouse()[pri:0, instance:mavenseleniumproject.facebook@64e7d698]" name="mouse" duration-ms="6773" started-at="2021-09-29T10:01:04 IST" finished-at="2021-09-29T10:01:11 IST">
          <reporter-output>
          </reporter-output>
        </test-method> <!-- mouse -->
      </class> <!-- mavenseleniumproject.facebook -->
    </test> <!-- FampleTest2 -->
  </suite> <!-- SampleTest1 -->
</testng-results>
