<?xml version="1.0" encoding="UTF-8"?>
<!-- Generated by org.testng.reporters.JUnitXMLReporter -->
<testsuite ignored="0" hostname="MAVBCP3133" failures="1" tests="1" name="FampleTest22" time="0.102" errors="0" timestamp="2021-09-27T11:17:41 IST">
  <testcase classname="mavenseleniumproject.GA" name="manin" time="0.0">
    <failure type="org.testng.TestNGException" message="
Cannot inject @Test annotated Method [manin] with [class [Ljava.lang.String;].
For more information on native dependency injection please refer to https://testng.org/doc/documentation-main.html#native-dependency-injection">
      <![CDATA[org.testng.TestNGException: 
Cannot inject @Test annotated Method [manin] with [class [Ljava.lang.String;].
For more information on native dependency injection please refer to https://testng.org/doc/documentation-main.html#native-dependency-injection
at java.base/java.util.ArrayList.forEach(ArrayList.java:1511)
... Removed 26 stack frames]]>
    </failure>
  </testcase> <!-- manin -->
</testsuite> <!-- FampleTest22 -->
